2020-04-13 00:00:20.622 DEBUG [main] [com.stepdefination.Test_WebshopRegister] [user_launched_webshop_page] [com.stepdefination.Test_WebshopRegister.user_launched_webshop_page(Test_WebshopRegister.java:21)] - Chrome Launched and navigated to website
2020-04-13 00:00:28.600 INFO [main] [com.stepdefination.Test_WebshopRegister] [user_entered_required_details] [com.stepdefination.Test_WebshopRegister.user_entered_required_details(Test_WebshopRegister.java:28)] - Required details for registration were entered
2020-04-13 00:00:28.608 WARN [main] [com.stepdefination.Test_WebshopRegister] [user_registered_successfully] [com.stepdefination.Test_WebshopRegister.user_registered_successfully(Test_WebshopRegister.java:33)] - You entered an existed email id
2020-04-13 00:00:28.611 ERROR [main] [com.stepdefination.Test_WebshopRegister] [user_registered_successfully] [com.stepdefination.Test_WebshopRegister.user_registered_successfully(Test_WebshopRegister.java:34)] - the registration is not successful
2020-04-13 00:00:51.935 DEBUG [main] [com.stepdefination.Test_LoginPage] [user_launches_demowebshop_page] [com.stepdefination.Test_LoginPage.user_launches_demowebshop_page(Test_LoginPage.java:27)] - firefox launched and website opened
2020-04-13 00:00:58.135 INFO [main] [com.stepdefination.Test_LoginPage] [user_enters_valid_credentials_and] [com.stepdefination.Test_LoginPage.user_enters_valid_credentials_and(Test_LoginPage.java:38)] - credentials entered
2020-04-13 00:00:58.142 INFO [main] [com.stepdefination.Test_LoginPage] [user_can_login_successfully] [com.stepdefination.Test_LoginPage.user_can_login_successfully(Test_LoginPage.java:55)] - login successfully
2020-04-13 00:01:18.238 DEBUG [main] [com.stepdefination.TestAddtoCart] [the_user_launches_the_chrome_application] [com.stepdefination.TestAddtoCart.the_user_launches_the_chrome_application(TestAddtoCart.java:24)] - chrome Launched and navigated to website
2020-04-13 00:01:24.790 INFO [main] [com.stepdefination.TestAddtoCart] [the_user_logged_into_the_home_page] [com.stepdefination.TestAddtoCart.the_user_logged_into_the_home_page(TestAddtoCart.java:33)] - login successfully
2020-04-13 00:01:39.388 INFO [main] [com.stepdefination.TestAddtoCart] [the_user_search_the_product] [com.stepdefination.TestAddtoCart.the_user_search_the_product(TestAddtoCart.java:40)] - the products  were searched 
2020-04-13 00:01:39.746 INFO [main] [com.stepdefination.TestAddtoCart] [the_user_give_the_specifications] [com.stepdefination.TestAddtoCart.the_user_give_the_specifications(TestAddtoCart.java:48)] - Requird specifications were entered
2020-04-13 00:01:40.430 INFO [main] [com.stepdefination.TestAddtoCart] [the_user_adds_the_product_to_the_cart] [com.stepdefination.TestAddtoCart.the_user_adds_the_product_to_the_cart(TestAddtoCart.java:57)] - Products added to cart successfully
2020-04-13 00:02:09.245 DEBUG [main] [com.stepdefination.Test_WebshopRegister] [the_user_launches_chrome] [com.stepdefination.Test_ProductWishlist.the_user_launches_chrome(Test_ProductWishlist.java:24)] - Chrome launched and website opened
2020-04-13 00:02:23.204 INFO [main] [com.stepdefination.Test_WebshopRegister] [the_user_navigated_into_the_home_page] [com.stepdefination.Test_ProductWishlist.the_user_navigated_into_the_home_page(Test_ProductWishlist.java:32)] - login successfully
2020-04-13 00:02:51.266 INFO [main] [com.stepdefination.Test_WebshopRegister] [the_user_adds_some_products_to_wishlist] [com.stepdefination.Test_ProductWishlist.the_user_adds_some_products_to_wishlist(Test_ProductWishlist.java:40)] - products added to wishlist
2020-04-13 00:02:55.886 INFO [main] [com.stepdefination.Test_WebshopRegister] [the_user_checks_the_recently_viewed_products] [com.stepdefination.Test_ProductWishlist.the_user_checks_the_recently_viewed_products(Test_ProductWishlist.java:47)] - Recently viewed products shown in the window
2020-04-13 00:03:37.063 DEBUG [main] [com.stepdefination.Test_WebshopRegister] [user_launches_to_chrome_page] [com.stepdefination.Test_AddAddress.user_launches_to_chrome_page(Test_AddAddress.java:24)] - firefox launched and website opened
2020-04-13 00:03:46.474 INFO [main] [com.stepdefination.Test_WebshopRegister] [user_logged_into_the_home_page] [com.stepdefination.Test_AddAddress.user_logged_into_the_home_page(Test_AddAddress.java:35)] - login successfully
2020-04-13 00:03:53.614 INFO [main] [com.stepdefination.Test_WebshopRegister] [the_user_can_add_the_address] [com.stepdefination.Test_AddAddress.the_user_can_add_the_address(Test_AddAddress.java:44)] - address added successfully
2020-04-13 00:06:12.187 DEBUG [main] [com.stepdefination.TestAddtoCart] [the_user_launches_the_chrome_application] [com.stepdefination.TestAddtoCart.the_user_launches_the_chrome_application(TestAddtoCart.java:24)] - chrome Launched and navigated to website
2020-04-13 00:06:20.880 INFO [main] [com.stepdefination.TestAddtoCart] [the_user_logged_into_the_home_page] [com.stepdefination.TestAddtoCart.the_user_logged_into_the_home_page(TestAddtoCart.java:33)] - login successfully
2020-04-13 00:06:33.177 INFO [main] [com.stepdefination.TestAddtoCart] [the_user_search_the_product] [com.stepdefination.TestAddtoCart.the_user_search_the_product(TestAddtoCart.java:40)] - the products  were searched 
2020-04-13 00:06:33.518 INFO [main] [com.stepdefination.TestAddtoCart] [the_user_give_the_specifications] [com.stepdefination.TestAddtoCart.the_user_give_the_specifications(TestAddtoCart.java:48)] - Requird specifications were entered
2020-04-13 00:06:34.292 INFO [main] [com.stepdefination.TestAddtoCart] [the_user_adds_the_product_to_the_cart] [com.stepdefination.TestAddtoCart.the_user_adds_the_product_to_the_cart(TestAddtoCart.java:57)] - Products added to cart successfully
2020-04-13 06:55:54.089 DEBUG [main] [com.stepdefination.Test_WebshopRegister] [user_launched_webshop_page] [com.stepdefination.Test_WebshopRegister.user_launched_webshop_page(Test_WebshopRegister.java:21)] - Chrome Launched and navigated to website
2020-04-13 06:55:57.625 INFO [main] [com.stepdefination.Test_WebshopRegister] [user_entered_required_details] [com.stepdefination.Test_WebshopRegister.user_entered_required_details(Test_WebshopRegister.java:28)] - Required details for registration were entered
2020-04-13 06:55:57.633 WARN [main] [com.stepdefination.Test_WebshopRegister] [user_registered_successfully] [com.stepdefination.Test_WebshopRegister.user_registered_successfully(Test_WebshopRegister.java:33)] - You entered an existed email id
2020-04-13 06:55:57.635 ERROR [main] [com.stepdefination.Test_WebshopRegister] [user_registered_successfully] [com.stepdefination.Test_WebshopRegister.user_registered_successfully(Test_WebshopRegister.java:34)] - the registration is not successful
2020-04-13 06:56:16.107 DEBUG [main] [com.stepdefination.Test_LoginPage] [user_launches_demowebshop_page] [com.stepdefination.Test_LoginPage.user_launches_demowebshop_page(Test_LoginPage.java:27)] - firefox launched and website opened
2020-04-13 06:56:26.988 INFO [main] [com.stepdefination.Test_LoginPage] [user_enters_valid_credentials_and] [com.stepdefination.Test_LoginPage.user_enters_valid_credentials_and(Test_LoginPage.java:38)] - credentials entered
2020-04-13 06:56:26.996 INFO [main] [com.stepdefination.Test_LoginPage] [user_can_login_successfully] [com.stepdefination.Test_LoginPage.user_can_login_successfully(Test_LoginPage.java:55)] - login successfully
2020-04-13 06:56:43.108 DEBUG [main] [com.stepdefination.TestAddtoCart] [the_user_launches_the_chrome_application] [com.stepdefination.TestAddtoCart.the_user_launches_the_chrome_application(TestAddtoCart.java:24)] - chrome Launched and navigated to website
2020-04-13 06:56:45.646 INFO [main] [com.stepdefination.TestAddtoCart] [the_user_logged_into_the_home_page] [com.stepdefination.TestAddtoCart.the_user_logged_into_the_home_page(TestAddtoCart.java:33)] - login successfully
2020-04-13 06:56:51.454 INFO [main] [com.stepdefination.TestAddtoCart] [the_user_search_the_product] [com.stepdefination.TestAddtoCart.the_user_search_the_product(TestAddtoCart.java:40)] - the products  were searched 
2020-04-13 06:56:51.915 INFO [main] [com.stepdefination.TestAddtoCart] [the_user_give_the_specifications] [com.stepdefination.TestAddtoCart.the_user_give_the_specifications(TestAddtoCart.java:48)] - Requird specifications were entered
2020-04-13 06:56:52.699 INFO [main] [com.stepdefination.TestAddtoCart] [the_user_adds_the_product_to_the_cart] [com.stepdefination.TestAddtoCart.the_user_adds_the_product_to_the_cart(TestAddtoCart.java:57)] - Products added to cart successfully
2020-04-13 06:57:08.291 DEBUG [main] [com.stepdefination.Test_WebshopRegister] [the_user_launches_chrome] [com.stepdefination.Test_ProductWishlist.the_user_launches_chrome(Test_ProductWishlist.java:24)] - Chrome launched and website opened
2020-04-13 06:57:11.492 INFO [main] [com.stepdefination.Test_WebshopRegister] [the_user_navigated_into_the_home_page] [com.stepdefination.Test_ProductWishlist.the_user_navigated_into_the_home_page(Test_ProductWishlist.java:32)] - login successfully
2020-04-13 06:57:21.957 INFO [main] [com.stepdefination.Test_WebshopRegister] [the_user_adds_some_products_to_wishlist] [com.stepdefination.Test_ProductWishlist.the_user_adds_some_products_to_wishlist(Test_ProductWishlist.java:40)] - products added to wishlist
2020-04-13 06:57:22.627 INFO [main] [com.stepdefination.Test_WebshopRegister] [the_user_checks_the_recently_viewed_products] [com.stepdefination.Test_ProductWishlist.the_user_checks_the_recently_viewed_products(Test_ProductWishlist.java:47)] - Recently viewed products shown in the window
2020-04-13 06:57:49.199 DEBUG [main] [com.stepdefination.Test_WebshopRegister] [user_launches_to_chrome_page] [com.stepdefination.Test_AddAddress.user_launches_to_chrome_page(Test_AddAddress.java:24)] - firefox launched and website opened
2020-04-13 06:57:53.450 INFO [main] [com.stepdefination.Test_WebshopRegister] [user_logged_into_the_home_page] [com.stepdefination.Test_AddAddress.user_logged_into_the_home_page(Test_AddAddress.java:35)] - login successfully
2020-04-13 06:58:04.811 INFO [main] [com.stepdefination.Test_WebshopRegister] [the_user_can_add_the_address] [com.stepdefination.Test_AddAddress.the_user_can_add_the_address(Test_AddAddress.java:44)] - address added successfully
